[2019-09-26 15:52:25.296] [alevinLog] [info] Loading Header
[2019-09-26 15:52:25.297] [alevinLog] [info] Loading Transcript Info 
[2019-09-26 15:52:25.505] [alevinLog] [info] Found all transcripts to gene mappings
[2019-09-26 15:52:25.511] [alevinLog] [info] Processing barcodes files (if Present) 

 
[2019-09-26 15:53:59.060] [alevinLog] [info] Done barcode density calculation.
[2019-09-26 15:53:59.060] [alevinLog] [info] # Barcodes Used: [32m66554410[0m / [31m66601887[0m.
[2019-09-26 15:54:04.329] [alevinLog] [info] Knee found left boundary at [32m 1430 [0m
[2019-09-26 15:54:04.677] [alevinLog] [info] Gauss Corrected Boundary at [32m 1179 [0m
[2019-09-26 15:54:04.677] [alevinLog] [info] Learned InvCov: 121.87 normfactor: 399.4
[2019-09-26 15:54:04.677] [alevinLog] [info] Total [32m1768[0m(has [32m588[0m low confidence) barcodes
[2019-09-26 15:54:05.115] [alevinLog] [info] Done True Barcode Sampling
[2019-09-26 15:54:05.245] [alevinLog] [info] Total 8.7796% reads will be thrown away because of noisy Cellular barcodes.
[2019-09-26 15:54:05.319] [alevinLog] [info] Done populating Z matrix
[2019-09-26 15:54:05.337] [alevinLog] [info] Total 41183 CB got sequence corrected
[2019-09-26 15:54:05.341] [alevinLog] [info] Done indexing Barcodes
[2019-09-26 15:54:05.341] [alevinLog] [info] Total Unique barcodes found: 896313
[2019-09-26 15:54:05.341] [alevinLog] [info] Used Barcodes except Whitelist: 40227
[2019-09-26 15:54:05.393] [alevinLog] [info] Done with Barcode Processing; Moving to Quantify

[2019-09-26 15:54:05.393] [alevinLog] [info] parsing read library format
[2019-09-26 16:02:08.283] [alevinLog] [info] Starting optimizer


[2019-09-26 16:02:38.166] [alevinLog] [info] Total 9398335.00 UMI after deduplicating.
[2019-09-26 16:02:38.166] [alevinLog] [info] Total 6776421 BiDirected Edges.
[2019-09-26 16:02:38.166] [alevinLog] [info] Total 519684 UniDirected Edges.
[2019-09-26 16:02:38.166] [alevinLog] [warning] Skipped 12 barcodes due to No mapped read
[2019-09-26 16:02:38.321] [alevinLog] [info] Clearing EqMap; Might take some time.
[2019-09-26 16:02:40.036] [alevinLog] [info] Starting white listing of 1755 cells
[2019-09-26 16:02:40.036] [alevinLog] [info] Starting to make feature Matrix
[2019-09-26 16:02:40.041] [alevinLog] [info] Done making feature Matrix
[2019-09-26 16:02:40.129] [alevinLog] [info] Finished white listing
[2019-09-26 16:02:40.158] [alevinLog] [info] Finished optimizer
