[2019-09-30 12:10:12.462] [alevinLog] [info] Loading Header
[2019-09-30 12:10:12.464] [alevinLog] [info] Loading Transcript Info 
[2019-09-30 12:10:13.251] [alevinLog] [info] Found all transcripts to gene mappings
[2019-09-30 12:10:13.268] [alevinLog] [info] Processing barcodes files (if Present) 

 
[2019-09-30 12:12:42.485] [alevinLog] [info] Done barcode density calculation.
[2019-09-30 12:12:42.485] [alevinLog] [info] # Barcodes Used: [32m76866957[0m / [31m76921082[0m.
[2019-09-30 12:12:47.885] [alevinLog] [info] Knee found left boundary at [32m 1215 [0m
[2019-09-30 12:12:48.416] [alevinLog] [info] Gauss Corrected Boundary at [32m 1015 [0m
[2019-09-30 12:12:48.416] [alevinLog] [info] Learned InvCov: 86.3273 normfactor: 563.308
[2019-09-30 12:12:48.416] [alevinLog] [info] Total [32m1523[0m(has [32m507[0m low confidence) barcodes
[2019-09-30 12:12:48.907] [alevinLog] [info] Done True Barcode Sampling
[2019-09-30 12:12:49.157] [alevinLog] [info] Total 8.66164% reads will be thrown away because of noisy Cellular barcodes.
[2019-09-30 12:12:49.361] [alevinLog] [info] Done populating Z matrix
[2019-09-30 12:12:49.410] [alevinLog] [info] Total 44081 CB got sequence corrected
[2019-09-30 12:12:49.429] [alevinLog] [info] Done indexing Barcodes
[2019-09-30 12:12:49.429] [alevinLog] [info] Total Unique barcodes found: 687531
[2019-09-30 12:12:49.429] [alevinLog] [info] Used Barcodes except Whitelist: 42962
[2019-09-30 12:12:49.485] [alevinLog] [info] Done with Barcode Processing; Moving to Quantify

[2019-09-30 12:12:49.485] [alevinLog] [info] parsing read library format
[2019-09-30 12:23:20.043] [alevinLog] [info] Starting optimizer


[2019-09-30 12:24:02.483] [alevinLog] [info] Total 3922311.00 UMI after deduplicating.
[2019-09-30 12:24:02.483] [alevinLog] [info] Total 14900825 BiDirected Edges.
[2019-09-30 12:24:02.483] [alevinLog] [info] Total 1314677 UniDirected Edges.
[2019-09-30 12:24:02.483] [alevinLog] [warning] Skipped 9 barcodes due to No mapped read
[2019-09-30 12:24:02.577] [alevinLog] [info] Clearing EqMap; Might take some time.
[2019-09-30 12:24:03.920] [alevinLog] [info] Starting white listing of 1513 cells
[2019-09-30 12:24:03.920] [alevinLog] [info] Starting to make feature Matrix
[2019-09-30 12:24:03.924] [alevinLog] [info] Done making feature Matrix
[2019-09-30 12:24:04.639] [alevinLog] [info] Finished white listing
[2019-09-30 12:24:05.351] [alevinLog] [info] Finished optimizer
