[2019-08-08 12:05:12.443] [alevinLog] [info] Loading Header
[2019-08-08 12:05:12.445] [alevinLog] [info] Loading Transcript Info 
[2019-08-08 12:05:13.232] [alevinLog] [info] Found all transcripts to gene mappings
[2019-08-08 12:05:13.249] [alevinLog] [info] Processing barcodes files (if Present) 

 
[2019-08-08 12:09:02.530] [alevinLog] [info] Done barcode density calculation.
[2019-08-08 12:09:02.530] [alevinLog] [info] # Barcodes Used: [32m121485941[0m / [31m121520656[0m.
[2019-08-08 12:09:09.125] [alevinLog] [info] Knee found left boundary at [32m 1713 [0m
[2019-08-08 12:09:11.713] [alevinLog] [info] Gauss Corrected Boundary at [32m 1039 [0m
[2019-08-08 12:09:11.713] [alevinLog] [info] Learned InvCov: 362.046 normfactor: 1209.35
[2019-08-08 12:09:11.713] [alevinLog] [info] Total [32m1559[0m(has [32m519[0m low confidence) barcodes
[2019-08-08 12:09:14.721] [alevinLog] [info] Done True Barcode Sampling
[2019-08-08 12:09:15.535] [alevinLog] [info] Total 47.3052% reads will be thrown away because of noisy Cellular barcodes.
[2019-08-08 12:09:15.615] [alevinLog] [info] Done populating Z matrix
[2019-08-08 12:09:15.637] [alevinLog] [info] Total 62910 CB got sequence corrected
[2019-08-08 12:09:15.642] [alevinLog] [info] Done indexing Barcodes
[2019-08-08 12:09:15.642] [alevinLog] [info] Total Unique barcodes found: 3932510
[2019-08-08 12:09:15.642] [alevinLog] [info] Used Barcodes except Whitelist: 61345
[2019-08-08 12:09:15.848] [alevinLog] [info] Done with Barcode Processing; Moving to Quantify

[2019-08-08 12:09:15.848] [alevinLog] [info] parsing read library format
[2019-08-08 12:13:02.948] [alevinLog] [info] Starting optimizer


[2019-08-08 12:13:13.582] [alevinLog] [info] Total 795023.00 UMI after deduplicating.
[2019-08-08 12:13:13.582] [alevinLog] [info] Total 308030 BiDirected Edges.
[2019-08-08 12:13:13.582] [alevinLog] [info] Total 379803 UniDirected Edges.
[2019-08-08 12:13:13.582] [alevinLog] [warning] Skipped 18 barcodes due to No mapped read
[2019-08-08 12:13:13.612] [alevinLog] [info] Clearing EqMap; Might take some time.
[2019-08-08 12:13:13.808] [alevinLog] [info] Starting white listing of 1540 cells
[2019-08-08 12:13:13.808] [alevinLog] [info] Starting to make feature Matrix
[2019-08-08 12:13:13.812] [alevinLog] [info] Done making feature Matrix
[2019-08-08 12:13:13.841] [alevinLog] [info] Finished white listing
[2019-08-08 12:13:13.865] [alevinLog] [info] Finished optimizer
